<?xml version="1.0" encoding="UTF-8"?>
<!-- Generated by org.testng.reporters.JUnitReportReporter -->
<testsuite skipped="0" hostname="Kranthis-Air" name="ReverseStringWTest" tests="3" failures="0" timestamp="30 Mar 2020 18:34:06 GMT" time="0.016" errors="0">
  <testcase name="inValidString" time="0.014" classname="ReverseStringWTest"/>
  <testcase name="nullString" time="0.000" classname="ReverseStringWTest"/>
  <testcase name="validString" time="0.002" classname="ReverseStringWTest"/>
</testsuite> <!-- ReverseStringWTest -->
